[debug] [2022-05-08T19:45:25.055Z] ----------------------------------------------------------------------
[debug] [2022-05-08T19:45:25.057Z] Command:       C:\Program Files\nodejs\node.exe C:\Users\kids\AppData\Roaming\npm\node_modules\firebase-tools\lib\bin\firebase.js init
[debug] [2022-05-08T19:45:25.058Z] CLI Version:   10.8.0
[debug] [2022-05-08T19:45:25.058Z] Platform:      win32
[debug] [2022-05-08T19:45:25.058Z] Node Version:  v16.13.1
[debug] [2022-05-08T19:45:25.060Z] Time:          Sun May 08 2022 21:45:25 GMT+0200 (Midden-Europese zomertijd)
[debug] [2022-05-08T19:45:25.060Z] ----------------------------------------------------------------------
[debug] 
[debug] [2022-05-08T19:45:25.069Z] > command requires scopes: ["email","openid","https://www.googleapis.com/auth/cloudplatformprojects.readonly","https://www.googleapis.com/auth/firebase","https://www.googleapis.com/auth/cloud-platform"]
[debug] [2022-05-08T19:45:25.069Z] > authorizing via signed-in user (warre.bossaert@gmail.com)
[info] 
     ######## #### ########  ######## ########     ###     ######  ########
     ##        ##  ##     ## ##       ##     ##  ##   ##  ##       ##
     ######    ##  ########  ######   ########  #########  ######  ######
     ##        ##  ##    ##  ##       ##     ## ##     ##       ## ##
     ##       #### ##     ## ######## ########  ##     ##  ######  ########

You're about to initialize a Firebase project in this directory:

  D:\Runner_Exploit_Web\client

[info] 
=== Project Setup
[info] 
[info] First, let's associate this project directory with a Firebase project.
[info] You can create multiple project aliases by running firebase use --add, 
[info] but for now we'll just set up a default project.
[info] 
[debug] [2022-05-08T19:46:57.472Z] >>> [apiv2][query] GET https://firebase.googleapis.com/v1beta1/projects pageSize=100
[debug] [2022-05-08T19:46:57.947Z] <<< [apiv2][status] GET https://firebase.googleapis.com/v1beta1/projects 200
[debug] [2022-05-08T19:46:57.948Z] <<< [apiv2][body] GET https://firebase.googleapis.com/v1beta1/projects [omitted]
[info] i  Using project runnerexploits (RunnerExploits) 
[info] 
=== Database Setup
[info] i  database: ensuring required API firebasedatabase.googleapis.com is enabled... 
[debug] [2022-05-08T19:46:59.286Z] >>> [apiv2][query] GET https://serviceusage.googleapis.com/v1/projects/runnerexploits/services/firebasedatabase.googleapis.com [none]
[debug] [2022-05-08T19:47:00.091Z] <<< [apiv2][status] GET https://serviceusage.googleapis.com/v1/projects/runnerexploits/services/firebasedatabase.googleapis.com 200
[debug] [2022-05-08T19:47:00.092Z] <<< [apiv2][body] GET https://serviceusage.googleapis.com/v1/projects/runnerexploits/services/firebasedatabase.googleapis.com [omitted]
[info] +  database: required API firebasedatabase.googleapis.com is enabled 
[info] 
[debug] [2022-05-08T19:47:00.094Z] > refreshing access token with scopes: ["email","https://www.googleapis.com/auth/cloud-platform","https://www.googleapis.com/auth/cloudplatformprojects.readonly","https://www.googleapis.com/auth/firebase","openid"]
[debug] [2022-05-08T19:47:00.094Z] >>> HTTP REQUEST POST https://www.googleapis.com/oauth2/v3/token  
 <request body omitted>
[debug] [2022-05-08T19:47:00.190Z] <<< HTTP RESPONSE 200 {"expires":"Mon, 01 Jan 1990 00:00:00 GMT","cache-control":"no-cache, no-store, max-age=0, must-revalidate","date":"Sun, 08 May 2022 19:46:58 GMT","pragma":"no-cache","content-type":"application/json; charset=utf-8","vary":"X-Origin, Referer, Origin,Accept-Encoding","server":"scaffolding on HTTPServer2","x-xss-protection":"0","x-frame-options":"SAMEORIGIN","x-content-type-options":"nosniff","alt-svc":"h3=\":443\"; ma=2592000,h3-29=\":443\"; ma=2592000,h3-Q050=\":443\"; ma=2592000,h3-Q046=\":443\"; ma=2592000,h3-Q043=\":443\"; ma=2592000,quic=\":443\"; ma=2592000; v=\"46,43\"","accept-ranges":"none","transfer-encoding":"chunked"}
[debug] [2022-05-08T19:47:00.200Z] >>> HTTP REQUEST GET https://firebasedatabase.googleapis.com/v1beta/projects/runnerexploits/locations/-/instances/runnerexploits-default-rtdb  
 
[debug] [2022-05-08T19:47:00.500Z] <<< HTTP RESPONSE 200 {"content-type":"application/json; charset=UTF-8","vary":"X-Origin, Referer, Origin,Accept-Encoding","date":"Sun, 08 May 2022 19:46:59 GMT","server":"ESF","cache-control":"private","x-xss-protection":"0","x-frame-options":"SAMEORIGIN","x-content-type-options":"nosniff","alt-svc":"h3=\":443\"; ma=2592000,h3-29=\":443\"; ma=2592000,h3-Q050=\":443\"; ma=2592000,h3-Q046=\":443\"; ma=2592000,h3-Q043=\":443\"; ma=2592000,quic=\":443\"; ma=2592000; v=\"46,43\"","accept-ranges":"none","transfer-encoding":"chunked"}
[info] 
[info] Firebase Realtime Database Security Rules allow you to define how your data should be
[info] structured and when your data can be read from and written to.
[info] 
[info] Skipping overwrite of Realtime Database Security Rules.
[info] The security rules defined in database.rules.json will be published when you run firebase deploy.
[info] 
=== Hosting Setup
[info] 
[info] Your public directory is the folder (relative to your project directory) that
[info] will contain Hosting assets to be uploaded with firebase deploy. If you
[info] have a build process for your assets, use your build's output directory.
[info] 
[debug] [2022-05-08T19:47:30.658Z] >>> [apiv2][query] GET https://www.gstatic.com/firebasejs/releases.json [none]
[debug] [2022-05-08T19:47:30.762Z] <<< [apiv2][status] GET https://www.gstatic.com/firebasejs/releases.json 200
[debug] [2022-05-08T19:47:30.762Z] <<< [apiv2][body] GET https://www.gstatic.com/firebasejs/releases.json {"current":{"version":"9.8.0","browserURL":"https://www.gstatic.com/firebasejs/9.8.0/firebase.js","packageURL":"https://www.gstatic.com/firebasejs/9.8.0/firebase.tgz"},"live":{"version":"9.8","browserURL":"https://www.gstatic.com/firebasejs/live/9.8/firebase.js","packageURL":"https://www.gstatic.com/firebasejs/live/9.8/firebase.tgz"},"components":{"analytics":"https://www.gstatic.com/firebasejs/9.8.0/firebase-analytics.js","app":"https://www.gstatic.com/firebasejs/9.8.0/firebase-app.js","app-check":"https://www.gstatic.com/firebasejs/9.8.0/firebase-app-check.js","auth":"https://www.gstatic.com/firebasejs/9.8.0/firebase-auth.js","auth/cordova":"https://www.gstatic.com/firebasejs/9.8.0/firebase-auth/cordova.js","auth/react-native":"https://www.gstatic.com/firebasejs/9.8.0/firebase-auth/react-native.js","functions":"https://www.gstatic.com/firebasejs/9.8.0/firebase-functions.js","firestore":"https://www.gstatic.com/firebasejs/9.8.0/firebase-firestore.js","firestore/lite":"https://www.gstatic.com/firebasejs/9.8.0/firebase-firestore/lite.js","storage":"https://www.gstatic.com/firebasejs/9.8.0/firebase-storage.js","performance":"https://www.gstatic.com/firebasejs/9.8.0/firebase-performance.js","remote-config":"https://www.gstatic.com/firebasejs/9.8.0/firebase-remote-config.js","messaging":"https://www.gstatic.com/firebasejs/9.8.0/firebase-messaging.js","messaging/sw":"https://www.gstatic.com/firebasejs/9.8.0/firebase-messaging/sw.js","database":"https://www.gstatic.com/firebasejs/9.8.0/firebase-database.js","firestore.memory":"https://www.gstatic.com/firebasejs/9.8.0/firebase-firestore.memory.js"}}
[info] i  Skipping write of public/index.html 
[info] 
[info] i  Detected a .git folder at D:\Runner_Exploit_Web\client 
[info] i  Authorizing with GitHub to upload your service account to a GitHub repository's secrets store. 
[info] 
[info] Visit this URL on this device to log in:
[info] https://github.com/login/oauth/authorize?client_id=89cf50f02ac6aaed3484&state=745925474&redirect_uri=http%3A%2F%2Flocalhost%3A9005&scope=read%3Auser%20repo%20public_repo
[info] 
[info] Waiting for authentication...
[debug] [2022-05-08T19:47:37.110Z] >>> HTTP REQUEST POST https://github.com/login/oauth/access_token  
 {"client_id":"89cf50f02ac6aaed3484","client_secret":"3330d14abc895d9a74d5f17cd7a00711fa2c5bf0","code":"d2d38073a9b155542e7f","redirect_uri":"http://localhost:9005","state":"745925474"}
[debug] [2022-05-08T19:47:37.400Z] <<< HTTP RESPONSE 200 {"server":"GitHub.com","date":"Sun, 08 May 2022 19:47:36 GMT","content-type":"application/json; charset=utf-8","transfer-encoding":"chunked","vary":"X-PJAX, X-PJAX-Container, Accept-Encoding, Accept, X-Requested-With","permissions-policy":"interest-cohort=()","etag":"W/\"b5f9fee2fdf46ece02cbca324b2c6816\"","cache-control":"max-age=0, private, must-revalidate","strict-transport-security":"max-age=31536000; includeSubdomains; preload","x-frame-options":"deny","x-content-type-options":"nosniff","x-xss-protection":"0","referrer-policy":"origin-when-cross-origin, strict-origin-when-cross-origin","expect-ct":"max-age=2592000, report-uri=\"https://api.github.com/_private/browser/errors\"","content-security-policy":"default-src 'none'; base-uri 'self'; block-all-mixed-content; child-src github.com/assets-cdn/worker/ gist.github.com/assets-cdn/worker/; connect-src 'self' uploads.github.com objects-origin.githubusercontent.com www.githubstatus.com collector.github.com raw.githubusercontent.com api.github.com github-cloud.s3.amazonaws.com github-production-repository-file-5c1aeb.s3.amazonaws.com github-production-upload-manifest-file-7fdce7.s3.amazonaws.com github-production-user-asset-6210df.s3.amazonaws.com cdn.optimizely.com logx.optimizely.com/v1/events translator.github.com *.actions.githubusercontent.com wss://*.actions.githubusercontent.com online.visualstudio.com/api/v1/locations github-production-repository-image-32fea6.s3.amazonaws.com github-production-release-asset-2e65be.s3.amazonaws.com insights.github.com wss://alive.github.com; font-src github.githubassets.com; form-action 'self' github.com gist.github.com objects-origin.githubusercontent.com; frame-ancestors 'none'; frame-src render.githubusercontent.com viewscreen.githubusercontent.com notebooks.githubusercontent.com; img-src 'self' data: github.githubassets.com identicons.github.com github-cloud.s3.amazonaws.com secured-user-images.githubusercontent.com/ *.githubusercontent.com; manifest-src 'self'; media-src github.com user-images.githubusercontent.com/; script-src github.githubassets.com; style-src 'unsafe-inline' github.githubassets.com; worker-src github.com/assets-cdn/worker/ gist.github.com/assets-cdn/worker/","x-github-request-id":"EAC4:5587:99B505:A3A5FA:62781E58"}
[debug] [2022-05-08T19:47:37.408Z] >>> [apiv2][query] GET https://api.github.com/user [none]
[debug] [2022-05-08T19:47:37.745Z] <<< [apiv2][status] GET https://api.github.com/user 200
[debug] [2022-05-08T19:47:37.745Z] <<< [apiv2][body] GET https://api.github.com/user {"login":"warre333","id":95884089,"node_id":"U_kgDOBbcTOQ","avatar_url":"https://avatars.githubusercontent.com/u/95884089?v=4","gravatar_id":"","url":"https://api.github.com/users/warre333","html_url":"https://github.com/warre333","followers_url":"https://api.github.com/users/warre333/followers","following_url":"https://api.github.com/users/warre333/following{/other_user}","gists_url":"https://api.github.com/users/warre333/gists{/gist_id}","starred_url":"https://api.github.com/users/warre333/starred{/owner}{/repo}","subscriptions_url":"https://api.github.com/users/warre333/subscriptions","organizations_url":"https://api.github.com/users/warre333/orgs","repos_url":"https://api.github.com/users/warre333/repos","events_url":"https://api.github.com/users/warre333/events{/privacy}","received_events_url":"https://api.github.com/users/warre333/received_events","type":"User","site_admin":false,"name":null,"company":null,"blog":"","location":null,"email":null,"hireable":null,"bio":null,"twitter_username":null,"public_repos":4,"public_gists":1,"followers":0,"following":0,"created_at":"2021-12-09T20:31:30Z","updated_at":"2022-03-22T10:21:33Z","private_gists":0,"total_private_repos":10,"owned_private_repos":10,"disk_usage":325654,"collaborators":1,"two_factor_authentication":false,"plan":{"name":"pro","space":976562499,"collaborators":0,"private_repos":9999}}
[info] 
[info] +  Success! Logged into GitHub as warre333 
[info] 
